<?xml version="1.0" encoding="UTF-8"?>
<testsuite name="TestSuite" time="0.04" tests="2" errors="0" skipped="0" failures="2">
  <properties>
[...]
</properties>
  <testcase name="testcase1" classname="Org.testing.testCase.tc3_getrequest" time="0.04">
    <failure message="Unresolved compilation problems: &#10;	Response cannot be resolved to a type&#10;	The method given() is undefined for the type HTTPMethord&#10;	ContentType cannot be resolved to a variable&#10;" type="java.lang.Error">java.lang.Error: Unresolved compilation problems: 
	Response cannot be resolved to a type
	The method given() is undefined for the type HTTPMethord
	ContentType cannot be resolved to a variable

	at Org.testing.testScript.HTTPMethord.PostMethod(HTTPMethord.java:20)
	at Org.testing.testCase.tc3_getrequest.testcase1(tc3_getrequest.java:22)
</failure>
    <system-out><![CDATA[[TestNGContentHandler] [WARN] It is strongly recommended to add "<!DOCTYPE suite SYSTEM "http://testng.org/testng-1.0.dtd" >" at the top of your file, otherwise TestNG may fail or not work as expected.
]]></system-out>
  </testcase>
  <testcase name="testcase1" classname="Org.testing.testCase.TC1_PostReq" time="0">
    <failure message="Unresolved compilation problems: &#10;	Response cannot be resolved to a type&#10;	The method given() is undefined for the type HTTPMethord&#10;	ContentType cannot be resolved to a variable&#10;" type="java.lang.Error">java.lang.Error: Unresolved compilation problems: 
	Response cannot be resolved to a type
	The method given() is undefined for the type HTTPMethord
	ContentType cannot be resolved to a variable

	at Org.testing.testScript.HTTPMethord.PostMethod(HTTPMethord.java:20)
	at Org.testing.testCase.TC1_PostReq.testcase1(TC1_PostReq.java:22)
</failure>
  </testcase>
</testsuite>