<?xml version="1.0" encoding="UTF-8"?>
<!-- Generated by org.testng.reporters.JUnitXMLReporter -->
<testsuite ignored="0" hostname="DESKTOP-MQD7O2C" failures="2" tests="2" name="Test" time="0.063" errors="0" timestamp="22 Oct 2022 13:47:32 GMT">
  <testcase classname="Org.testing.testCase.tc3_getrequest" name="testcase1" time="0.029">
    <failure type="java.lang.Error" message="Unresolved compilation problems: 
	Response cannot be resolved to a type
	The method given() is undefined for the type HTTPMethord
	ContentType cannot be resolved to a variable
">
      <![CDATA[java.lang.Error: Unresolved compilation problems: 
	Response cannot be resolved to a type
	The method given() is undefined for the type HTTPMethord
	ContentType cannot be resolved to a variable

	at Org.testing.testScript.HTTPMethord.PostMethod(HTTPMethord.java:20)
	at Org.testing.testCase.tc3_getrequest.testcase1(tc3_getrequest.java:22)
... Removed 26 stack frames]]>
    </failure>
  </testcase> <!-- testcase1 -->
  <testcase classname="Org.testing.testCase.TC1_PostReq" name="testcase1" time="0.001">
    <failure type="java.lang.Error" message="Unresolved compilation problems: 
	Response cannot be resolved to a type
	The method given() is undefined for the type HTTPMethord
	ContentType cannot be resolved to a variable
">
      <![CDATA[java.lang.Error: Unresolved compilation problems: 
	Response cannot be resolved to a type
	The method given() is undefined for the type HTTPMethord
	ContentType cannot be resolved to a variable

	at Org.testing.testScript.HTTPMethord.PostMethod(HTTPMethord.java:20)
	at Org.testing.testCase.TC1_PostReq.testcase1(TC1_PostReq.java:22)
... Removed 26 stack frames]]>
    </failure>
  </testcase> <!-- testcase1 -->
</testsuite> <!-- Test -->
